                     QUERY PLAN                     
----------------------------------------------------
 - Plan:                                           +
     Node Type: "Index Scan"                       +
     Scan Direction: "Forward"                     +
     Index Name: "pg_class_oid_index"              +
     Relation Name: "pg_class"                     +
     Alias: "pg_class"                             +
     Startup Cost: 8.27                            +
     Total Cost: 16.55                             +
     Plan Rows: 1                                  +
     Plan Width: 198                               +
     Actual Startup Time: 0.053                    +
     Actual Total Time: 0.054                      +
     Actual Rows: 1                                +
     Actual Loops: 1                               +
     Index Cond: "(oid = $1)"                      +
     Plans:                                        +
       - Node Type: "Index Scan"                   +
         Parent Relationship: "InitPlan"           +
         Subplan Name: "InitPlan 2 (returns $1)"   +
         Scan Direction: "Forward"                 +
         Index Name: "pg_class_relname_nsp_index"  +
         Relation Name: "pg_class"                 +
         Alias: "pg_class"                         +
         Startup Cost: 0.00                        +
         Total Cost: 8.27                          +
         Plan Rows: 1                              +
         Plan Width: 4                             +
         Actual Startup Time: 0.012                +
         Actual Total Time: 0.013                  +
         Actual Rows: 1                            +
         Actual Loops: 1                           +
         Index Cond: "(relname = 'pg_class'::name)"+
       - Node Type: "Result"                       +
         Parent Relationship: "SubPlan"            +
         Subplan Name: "SubPlan 1"                 +
         Startup Cost: 0.00                        +
         Total Cost: 0.01                          +
         Plan Rows: 1                              +
         Plan Width: 0                             +
         Actual Startup Time: 0.032                +
         Actual Total Time: 0.032                  +
         Actual Rows: 1                            +
         Actual Loops: 1                           +
   Triggers:                                       +
   Total Runtime: 0.087
(1 row)

